#
# There is insufficient memory for the Java Runtime Environment to continue.
# Native memory allocation (mmap) failed to map 132120576 bytes for Failed to commit area from 0x0000000082e00000 to 0x000000008ac00000 of length 132120576.
# Possible reasons:
#   The system is out of physical RAM or swap space
#   The process is running with CompressedOops enabled, and the Java Heap may be blocking the growth of the native heap
# Possible solutions:
#   Reduce memory load on the system
#   Increase physical memory or swap space
#   Check if swap backing store is full
#   Decrease Java heap size (-Xmx/-Xms)
#   Decrease number of Java threads
#   Decrease Java thread stack sizes (-Xss)
#   Set larger code cache with -XX:ReservedCodeCacheSize=
# This output file may be truncated or incomplete.
#
#  Out of Memory Error (t:/workspace/open/src/hotspot/os/windows/os_windows.cpp:3269), pid=2640, tid=1204
#
# JRE version:  (11.0.2+9) (build )
# Java VM: OpenJDK 64-Bit Server VM (11.0.2+9, mixed mode, aot, sharing, tiered, compressed oops, g1 gc, windows-amd64)
# No core dump will be written. Minidumps are not enabled by default on client versions of Windows
#

---------------  S U M M A R Y ------------

Command Line: -ea -agentlib:jdwp=transport=dt_shmem,address=javadebug -Dfile.encoding=UTF-8 bluej.runtime.ExecServer UTF-8

Host: Intel(R) Core(TM) i7-8565U CPU @ 1.80GHz, 8 cores, 7G,  Windows 10 , 64 bit Build 18362 (10.0.18362.329)
Time: Mon Jan 20 21:55:49 2020 SE Asia Standard Time elapsed time: 0 seconds (0d 0h 0m 0s)

---------------  T H R E A D  ---------------

Current thread (0x0000022310079000):  JavaThread "Unknown thread" [_thread_in_vm, id=1204, stack(0x000000b3f7800000,0x000000b3f7900000)]

Stack: [0x000000b3f7800000,0x000000b3f7900000]
Native frames: (J=compiled Java code, j=interpreted, Vv=VM code, C=native code)
V  [jvm.dll+0x63489a]
V  [jvm.dll+0x771f9f]
V  [jvm.dll+0x773648]
V  [jvm.dll+0x773d03]
V  [jvm.dll+0x25eba8]
V  [jvm.dll+0x631d3a]
V  [jvm.dll+0x626775]
V  [jvm.dll+0x313ffc]
V  [jvm.dll+0x313e82]
V  [jvm.dll+0x3196e6]
V  [jvm.dll+0x36579f]
V  [jvm.dll+0x3651c0]
V  [jvm.dll+0x2f0ff8]
V  [jvm.dll+0x2f2156]
V  [jvm.dll+0x74b4f7]
V  [jvm.dll+0x74cc3f]
V  [jvm.dll+0x372609]
V  [jvm.dll+0x731b69]
V  [jvm.dll+0x3e1bad]
V  [jvm.dll+0x3e3e81]
C  [java.exe+0x3607]
C  [java.exe+0x1746c]
C  [KERNEL32.DLL+0x17bd4]
C  [ntdll.dll+0x6ced1]


---------------  P R O C E S S  ---------------

Threads class SMR info:
_java_thread_list=0x000002230e7990c0, length=0, elements={
}

Java Threads: ( => current thread )

Other Threads:
  0x000002231008f000 GCTaskThread "GC Thread#0" [stack: 0x000000b3f7900000,0x000000b3f7a00000] [id=12200]
  0x00000223100c0800 ConcurrentGCThread "G1 Main Marker" [stack: 0x000000b3f7a00000,0x000000b3f7b00000] [id=16720]
  0x00000223100c2000 ConcurrentGCThread "G1 Conc#0" [stack: 0x000000b3f7b00000,0x000000b3f7c00000] [id=14524]

[error occurred during error reporting (printing all threads), id 0xc0000005, EXCEPTION_ACCESS_VIOLATION (0xc0000005) at pc=0x00007ffdb79df5b7]

VM state:not at safepoint (not fully initialized)

VM Mutex/Monitor currently owned by a thread:  ([mutex/lock_event])
[0x0000022310077e00] Heap_lock - owner thread: 0x0000022310079000

Heap address: 0x0000000082e00000, size: 2002 MB, Compressed Oops mode: Non-zero based: 0x0000000082e00000
Narrow klass base: 0x0000000000000000, Narrow klass shift: 0

GC Heap History (0 events):
No events

Deoptimization events (0 events):
No events

Classes redefined (0 events):
No events

Internal exceptions (0 events):
No events

Events (0 events):
No events


Dynamic libraries:
0x00007ff7c5e20000 - 0x00007ff7c5e65000 	C:\Program Files\BlueJ\jdk\bin\java.exe
0x00007ffdf0440000 - 0x00007ffdf0630000 	C:\WINDOWS\SYSTEM32\ntdll.dll
0x00007ffdee820000 - 0x00007ffdee8d2000 	C:\WINDOWS\System32\KERNEL32.DLL
0x00007ffded720000 - 0x00007ffded9c3000 	C:\WINDOWS\System32\KERNELBASE.dll
0x00007ffdeff40000 - 0x00007ffdf00d4000 	C:\WINDOWS\System32\USER32.dll
0x00007ffded4f0000 - 0x00007ffded511000 	C:\WINDOWS\System32\win32u.dll
0x00007ffdeefc0000 - 0x00007ffdeefe6000 	C:\WINDOWS\System32\GDI32.dll
0x00007ffded9d0000 - 0x00007ffdedb64000 	C:\WINDOWS\System32\gdi32full.dll
0x00007ffded520000 - 0x00007ffded5be000 	C:\WINDOWS\System32\msvcp_win.dll
0x00007ffded620000 - 0x00007ffded71a000 	C:\WINDOWS\System32\ucrtbase.dll
0x00007ffdd73a0000 - 0x00007ffdd7625000 	C:\WINDOWS\WinSxS\amd64_microsoft.windows.common-controls_6595b64144ccf1df_6.0.18362.592_none_e6c0b1911312be02\COMCTL32.dll
0x00007ffdef7a0000 - 0x00007ffdef83e000 	C:\WINDOWS\System32\msvcrt.dll
0x00007ffdeeaf0000 - 0x00007ffdeee26000 	C:\WINDOWS\System32\combase.dll
0x00007ffdee5a0000 - 0x00007ffdee6c0000 	C:\WINDOWS\System32\RPCRT4.dll
0x00007ffded3d0000 - 0x00007ffded450000 	C:\WINDOWS\System32\bcryptPrimitives.dll
0x00007ffdeeff0000 - 0x00007ffdef01e000 	C:\WINDOWS\System32\IMM32.DLL
0x00007ffde4970000 - 0x00007ffde4986000 	C:\Program Files\BlueJ\jdk\bin\vcruntime140.dll
0x00007ffdcb4c0000 - 0x00007ffdcb56a000 	C:\Program Files\BlueJ\jdk\bin\msvcp140.dll
0x00007ffdb76e0000 - 0x00007ffdb8203000 	C:\Program Files\BlueJ\jdk\bin\server\jvm.dll
0x00007ffdf00e0000 - 0x00007ffdf0183000 	C:\WINDOWS\System32\ADVAPI32.dll
0x00007ffdf0190000 - 0x00007ffdf0227000 	C:\WINDOWS\System32\sechost.dll
0x00007ffdf0390000 - 0x00007ffdf0398000 	C:\WINDOWS\System32\PSAPI.DLL
0x00007ffdd71f0000 - 0x00007ffdd71f9000 	C:\WINDOWS\SYSTEM32\WSOCK32.dll
0x00007ffdef840000 - 0x00007ffdef8af000 	C:\WINDOWS\System32\WS2_32.dll
0x00007ffddff60000 - 0x00007ffddff84000 	C:\WINDOWS\SYSTEM32\WINMM.dll
0x00007ffde3350000 - 0x00007ffde335a000 	C:\WINDOWS\SYSTEM32\VERSION.dll
0x00007ffddff30000 - 0x00007ffddff5d000 	C:\WINDOWS\SYSTEM32\winmmbase.dll
0x00007ffded4a0000 - 0x00007ffded4ea000 	C:\WINDOWS\System32\cfgmgr32.dll
0x00007ffded320000 - 0x00007ffded331000 	C:\WINDOWS\System32\kernel.appcore.dll
0x00007ffde4160000 - 0x00007ffde4171000 	C:\Program Files\BlueJ\jdk\bin\verify.dll
0x00007ffde8a40000 - 0x00007ffde8c34000 	C:\WINDOWS\SYSTEM32\DBGHELP.DLL
0x00007ffde27c0000 - 0x00007ffde27ea000 	C:\WINDOWS\SYSTEM32\dbgcore.DLL
0x00007ffde2c70000 - 0x00007ffde2c98000 	C:\Program Files\BlueJ\jdk\bin\java.dll
0x00007ffdd1870000 - 0x00007ffdd18a7000 	C:\Program Files\BlueJ\jdk\bin\jdwp.dll
0x00007ffde2890000 - 0x00007ffde28a6000 	C:\Program Files\BlueJ\jdk\bin\zip.dll
0x00007ffde4ac0000 - 0x00007ffde4aca000 	C:\Program Files\BlueJ\jdk\bin\jimage.dll

dbghelp: loaded successfully - version: 4.0.5 - missing functions: none
symbol engine: initialized successfully - sym options: 0x614 - pdb path: .;C:\Program Files\BlueJ\jdk\bin;C:\WINDOWS\SYSTEM32;C:\WINDOWS\WinSxS\amd64_microsoft.windows.common-controls_6595b64144ccf1df_6.0.18362.592_none_e6c0b1911312be02;C:\Program Files\BlueJ\jdk\bin\server

VM Arguments:
jvm_args: -ea -agentlib:jdwp=transport=dt_shmem,address=javadebug -Dfile.encoding=UTF-8 
java_command: bluej.runtime.ExecServer UTF-8
java_class_path (initial): C:\Program Files\BlueJ\lib\bluejcore.jar;C:\Program Files\BlueJ\lib\junit-4.11.jar;C:\Program Files\BlueJ\lib\hamcrest-core-1.3.jar;C:\Program Files\BlueJ\lib\lang-stride.jar;C:\Program Files\BlueJ\lib\javafx\lib\javafx.base.jar;C:\Program Files\BlueJ\lib\javafx\lib\javafx.controls.jar;C:\Program Files\BlueJ\lib\javafx\lib\javafx.fxml.jar;C:\Program Files\BlueJ\lib\javafx\lib\javafx.graphics.jar;C:\Program Files\BlueJ\lib\javafx\lib\javafx.media.jar;C:\Program Files\BlueJ\lib\javafx\lib\javafx.properties.jar;C:\Program Files\BlueJ\lib\javafx\lib\javafx.swing.jar;C:\Program Files\BlueJ\lib\javafx\lib\javafx.web.jar;C:\Program Files\BlueJ\lib\javafx\lib\javafx.base.jar;C:\Program Files\BlueJ\lib\javafx\lib\javafx.controls.jar;C:\Program Files\BlueJ\lib\javafx\lib\javafx.fxml.jar;C:\Program Files\BlueJ\lib\javafx\lib\javafx.graphics.jar;C:\Program Files\BlueJ\lib\javafx\lib\javafx.media.jar;C:\Program Files\BlueJ\lib\javafx\lib\javafx.properties.jar;C:\Program Files\BlueJ\lib\javafx\lib\javafx.swing.jar;C:\Program Files\BlueJ\lib\javafx\lib\javafx.web.jar
Launcher Type: SUN_STANDARD

[Global flags]
     intx CICompilerCount                          = 4                                         {product} {ergonomic}
     uint ConcGCThreads                            = 2                                         {product} {ergonomic}
     uint G1ConcRefinementThreads                  = 8                                         {product} {ergonomic}
   size_t G1HeapRegionSize                         = 1048576                                   {product} {ergonomic}
    uintx GCDrainStackTargetSize                   = 64                                        {product} {ergonomic}
   size_t InitialHeapSize                          = 132120576                                 {product} {ergonomic}
   size_t MarkStackSize                            = 4194304                                   {product} {ergonomic}
   size_t MaxHeapSize                              = 2099249152                                {product} {ergonomic}
   size_t MinHeapDeltaBytes                        = 1048576                                   {product} {ergonomic}
    uintx NonNMethodCodeHeapSize                   = 5835340                                {pd product} {ergonomic}
    uintx NonProfiledCodeHeapSize                  = 122911450                              {pd product} {ergonomic}
    uintx ProfiledCodeHeapSize                     = 122911450                              {pd product} {ergonomic}
    uintx ReservedCodeCacheSize                    = 251658240                              {pd product} {ergonomic}
     bool SegmentedCodeCache                       = true                                      {product} {ergonomic}
     bool UseCompressedClassPointers               = true                                 {lp64_product} {ergonomic}
     bool UseCompressedOops                        = true                                 {lp64_product} {ergonomic}
     bool UseG1GC                                  = true                                      {product} {ergonomic}
     bool UseLargePagesIndividualAllocation        = false                                  {pd product} {ergonomic}

Logging:
Log output configuration:
 #0: stdout all=warning uptime,level,tags
 #1: stderr all=off uptime,level,tags

Environment Variables:
PATH=C:\Program Files\AdoptOpenJDK\jdk-8.0.232.09-hotspot\bin;C:\Program Files (x86)\Common Files\Oracle\Java\javapath;C:\Program Files (x86)\Intel\Intel(R) Management Engine Components\iCLS\;C:\Program Files\Intel\Intel(R) Management Engine Components\iCLS\;C:\Windows\system32;C:\Windows;C:\Windows\System32\Wbem;C:\Windows\System32\WindowsPowerShell\v1.0\;C:\Windows\System32\OpenSSH\;C:\Program Files (x86)\NVIDIA Corporation\PhysX\Common;C:\Program Files (x86)\Intel\Intel(R) Management Engine Components\DAL;C:\Program Files\Intel\Intel(R) Management Engine Components\DAL;C:\WINDOWS\system32;C:\WINDOWS;C:\WINDOWS\System32\Wbem;C:\WINDOWS\System32\WindowsPowerShell\v1.0\;C:\WINDOWS\System32\OpenSSH\;C:\Program Files\Intel\WiFi\bin\;C:\Program Files\Common Files\Intel\WirelessCommon\;C:\Program Files\Git\cmd;C:\Users\nutta\AppData\Local\Programs\Python\Python37\Scripts\;C:\Users\nutta\AppData\Local\Programs\Python\Python37\;C:\Users\nutta\AppData\Local\Microsoft\WindowsApps;C:\Program Files\JetBrains\PyCharm Community Edition 2019.1.3\bin;C:\Users\nutta\AppData\Local\Programs\Microsoft VS Code\bin;C:\Users\nutta\AppData\Local\GitHubDesktop\bin
USERNAME=nutta
OS=Windows_NT
PROCESSOR_IDENTIFIER=Intel64 Family 6 Model 142 Stepping 11, GenuineIntel



---------------  S Y S T E M  ---------------

OS: Windows 10 , 64 bit Build 18362 (10.0.18362.329)

CPU:total 8 (initial active 8) (4 cores per cpu, 2 threads per core) family 6 model 142 stepping 11, cmov, cx8, fxsr, mmx, sse, sse2, sse3, ssse3, sse4.1, sse4.2, popcnt, avx, avx2, aes, clmul, erms, 3dnowpref, lzcnt, ht, tsc, tscinvbit, bmi1, bmi2, adx, fma

Memory: 4k page, system-wide physical 8006M (2774M free)
TotalPageFile size 9206M (AvailPageFile size 127M)
current process WorkingSet (physical memory assigned to process): 10M, peak: 10M
current process commit charge ("private bytes"): 60M, peak: 186M

vm_info: OpenJDK 64-Bit Server VM (11.0.2+9) for windows-amd64 JRE (11.0.2+9), built on Jan 18 2019 05:23:22 by "mach5one" with MS VC++ 15.5 (VS2017)

END.
