#
# There is insufficient memory for the Java Runtime Environment to continue.
# Native memory allocation (malloc) failed to allocate 1048576 bytes for AllocateHeap
# Possible reasons:
#   The system is out of physical RAM or swap space
#   The process is running with CompressedOops enabled, and the Java Heap may be blocking the growth of the native heap
# Possible solutions:
#   Reduce memory load on the system
#   Increase physical memory or swap space
#   Check if swap backing store is full
#   Decrease Java heap size (-Xmx/-Xms)
#   Decrease number of Java threads
#   Decrease Java thread stack sizes (-Xss)
#   Set larger code cache with -XX:ReservedCodeCacheSize=
#   JVM is running with Unscaled Compressed Oops mode in which the Java heap is
#     placed in the first 4GB address space. The Java Heap base address is the
#     maximum limit for the native heap growth. Please use -XX:HeapBaseMinAddress
#     to set the Java Heap base and to place the Java Heap above 4GB virtual address.
# This output file may be truncated or incomplete.
#
#  Out of Memory Error (memory/allocation.inline.hpp:61), pid=13924, tid=0x00000000000040e0
#
# JRE version:  (8.0_241-b07) (build )
# Java VM: Java HotSpot(TM) 64-Bit Server VM (25.241-b07 mixed mode windows-amd64 compressed oops)
# Failed to write core dump. Minidumps are not enabled by default on client versions of Windows
#

---------------  T H R E A D  ---------------

Current thread (0x0000000002de2800):  JavaThread "Unknown thread" [_thread_in_vm, id=16608, stack(0x0000000002cc0000,0x0000000002dc0000)]

Stack: [0x0000000002cc0000,0x0000000002dc0000]
[error occurred during error reporting (printing stack bounds), id 0xc0000005]

Native frames: (J=compiled Java code, j=interpreted, Vv=VM code, C=native code)


---------------  P R O C E S S  ---------------

Java Threads: ( => current thread )

Other Threads:

=>0x0000000002de2800 (exited) JavaThread "Unknown thread" [_thread_in_vm, id=16608, stack(0x0000000002cc0000,0x0000000002dc0000)]

VM state:not at safepoint (normal execution)

VM Mutex/Monitor currently owned by a thread: None

heap address: 0x00000000e0000000, size: 512 MB, Compressed Oops mode: 32-bit
Narrow klass base: 0x0000000000000000, Narrow klass shift: 3
Compressed class space size: 1073741824 Address: 0x0000000100000000

Heap:
 PSYoungGen      total 37888K, used 655K [0x00000000f5580000, 0x00000000f7f80000, 0x0000000100000000)
  eden space 32768K, 2% used [0x00000000f5580000,0x00000000f5623d80,0x00000000f7580000)
  from space 5120K, 0% used [0x00000000f7a80000,0x00000000f7a80000,0x00000000f7f80000)
  to   space 5120K, 0% used [0x00000000f7580000,0x00000000f7580000,0x00000000f7a80000)
 ParOldGen       total 86016K, used 0K [0x00000000e0000000, 0x00000000e5400000, 0x00000000f5580000)
  object space 86016K, 0% used [0x00000000e0000000,0x00000000e0000000,0x00000000e5400000)
 Metaspace       used 776K, capacity 4480K, committed 4480K, reserved 1056768K
  class space    used 76K, capacity 384K, committed 384K, reserved 1048576K

Card table byte_map: [0x00000000122a0000,0x00000000123b0000] byte_map_base: 0x0000000011ba0000

Marking Bits: (ParMarkBitMap*) 0x000000006c91be30
 Begin Bits: [0x0000000012c60000, 0x0000000013460000)
 End Bits:   [0x0000000013460000, 0x0000000013c60000)

Polling page: 0x0000000000bf0000

CodeCache: size=245760Kb used=328Kb max_used=328Kb free=245431Kb
 bounds [0x0000000002ee0000, 0x0000000003150000, 0x0000000011ee0000]
 total_blobs=58 nmethods=0 adapters=38
 compilation: enabled

Compilation events (0 events):
No events

GC Heap History (0 events):
No events

Deoptimization events (0 events):
No events

Classes redefined (0 events):
No events

Internal exceptions (0 events):
No events

Events (10 events):
Event: 0.033 loading class java/lang/Short
Event: 0.033 loading class java/lang/Short done
Event: 0.033 loading class java/lang/Integer
Event: 0.034 loading class java/lang/Integer done
Event: 0.034 loading class java/lang/Long
Event: 0.034 loading class java/lang/Long done
Event: 0.035 loading class java/lang/NullPointerException
Event: 0.035 loading class java/lang/NullPointerException done
Event: 0.035 loading class java/lang/ArithmeticException
Event: 0.035 loading class java/lang/ArithmeticException done


Dynamic libraries:
0x00007ff718700000 - 0x00007ff718737000 	C:\Program Files\Java\jdk1.8.0_241\bin\java.exe
0x00007ffc6fe20000 - 0x00007ffc70010000 	C:\WINDOWS\SYSTEM32\ntdll.dll
0x00007ffc6fc30000 - 0x00007ffc6fce2000 	C:\WINDOWS\System32\KERNEL32.DLL
0x00007ffc6da30000 - 0x00007ffc6dcd3000 	C:\WINDOWS\System32\KERNELBASE.dll
0x00007ffc6f450000 - 0x00007ffc6f4f3000 	C:\WINDOWS\System32\ADVAPI32.dll
0x00007ffc6fab0000 - 0x00007ffc6fb4e000 	C:\WINDOWS\System32\msvcrt.dll
0x00007ffc6f3b0000 - 0x00007ffc6f447000 	C:\WINDOWS\System32\sechost.dll
0x00007ffc6f710000 - 0x00007ffc6f830000 	C:\WINDOWS\System32\RPCRT4.dll
0x00007ffc6f180000 - 0x00007ffc6f314000 	C:\WINDOWS\System32\USER32.dll
0x00007ffc6d250000 - 0x00007ffc6d271000 	C:\WINDOWS\System32\win32u.dll
0x00007ffc6f140000 - 0x00007ffc6f166000 	C:\WINDOWS\System32\GDI32.dll
0x00007ffc6cfb0000 - 0x00007ffc6d144000 	C:\WINDOWS\System32\gdi32full.dll
0x00007ffc6dce0000 - 0x00007ffc6dd7e000 	C:\WINDOWS\System32\msvcp_win.dll
0x00007ffc6d150000 - 0x00007ffc6d24a000 	C:\WINDOWS\System32\ucrtbase.dll
0x00007ffc53d90000 - 0x00007ffc54015000 	C:\WINDOWS\WinSxS\amd64_microsoft.windows.common-controls_6595b64144ccf1df_6.0.18362.592_none_e6c0b1911312be02\COMCTL32.dll
0x00007ffc6ded0000 - 0x00007ffc6e206000 	C:\WINDOWS\System32\combase.dll
0x00007ffc6cf30000 - 0x00007ffc6cfb0000 	C:\WINDOWS\System32\bcryptPrimitives.dll
0x00007ffc6fc00000 - 0x00007ffc6fc2e000 	C:\WINDOWS\System32\IMM32.DLL
0x000000006c9a0000 - 0x000000006ca72000 	C:\Program Files\Java\jdk1.8.0_241\jre\bin\msvcr100.dll
0x000000006c0f0000 - 0x000000006c99c000 	C:\Program Files\Java\jdk1.8.0_241\jre\bin\server\jvm.dll
0x00007ffc6f0d0000 - 0x00007ffc6f0d8000 	C:\WINDOWS\System32\PSAPI.DLL
0x00007ffc50300000 - 0x00007ffc50309000 	C:\WINDOWS\SYSTEM32\WSOCK32.dll
0x00007ffc629b0000 - 0x00007ffc629ba000 	C:\WINDOWS\SYSTEM32\VERSION.dll
0x00007ffc650b0000 - 0x00007ffc650d4000 	C:\WINDOWS\SYSTEM32\WINMM.dll
0x00007ffc6fd50000 - 0x00007ffc6fdbf000 	C:\WINDOWS\System32\WS2_32.dll
0x00007ffc65080000 - 0x00007ffc650ad000 	C:\WINDOWS\SYSTEM32\winmmbase.dll
0x00007ffc6cee0000 - 0x00007ffc6cf2a000 	C:\WINDOWS\System32\cfgmgr32.dll
0x00007ffc65170000 - 0x00007ffc6517f000 	C:\Program Files\Java\jdk1.8.0_241\jre\bin\verify.dll
0x00007ffc50770000 - 0x00007ffc50799000 	C:\Program Files\Java\jdk1.8.0_241\jre\bin\java.dll
0x00007ffc55a80000 - 0x00007ffc55a96000 	C:\Program Files\Java\jdk1.8.0_241\jre\bin\zip.dll

VM Arguments:
jvm_args: -Dfile.encoding=UTF-8 -Xmx512M 
java_command: fuckmylife
java_class_path (initial): C:\Users\nutta\AppData\Roaming\Code\User\workspaceStorage\966faee7c899bb693ef4aa24163bf25c\redhat.java\jdt_ws\codingbat_b48a2a25\bin
Launcher Type: SUN_STANDARD

Environment Variables:
_JAVA_OPTIONS=-Xmx512M
PATH=C:\Program Files\AdoptOpenJDK\jdk-8.0.242.08-hotspot\bin;C:\Program Files (x86)\Common Files\Oracle\Java\javapath;C:\Program Files (x86)\Intel\Intel(R) Management Engine Components\iCLS\;C:\Program Files\Intel\Intel(R) Management Engine Components\iCLS\;C:\Windows\system32;C:\Windows;C:\Windows\System32\Wbem;C:\Windows\System32\WindowsPowerShell\v1.0\;C:\Windows\System32\OpenSSH\;C:\Program Files (x86)\NVIDIA Corporation\PhysX\Common;C:\Program Files (x86)\Intel\Intel(R) Management Engine Components\DAL;C:\Program Files\Intel\Intel(R) Management Engine Components\DAL;C:\WINDOWS\system32;C:\WINDOWS;C:\WINDOWS\System32\Wbem;C:\WINDOWS\System32\WindowsPowerShell\v1.0\;C:\WINDOWS\System32\OpenSSH\;C:\Program Files\Intel\WiFi\bin\;C:\Program Files\Common Files\Intel\WirelessCommon\;C:\Program Files\Git\cmd;C:\Users\nutta\AppData\Local\Programs\Python\Python37\Scripts\;C:\Users\nutta\AppData\Local\Programs\Python\Python37\;C:\Users\nutta\AppData\Local\Microsoft\WindowsApps;C:\Program Files\JetBrains\PyCharm Community Edition 2019.1.3\bin;C:\Users\nutta\AppData\Local\Programs\Microsoft VS Code\bin;C:\Users\nutta\AppData\Local\GitHubDesktop\bin
USERNAME=nutta
OS=Windows_NT
PROCESSOR_IDENTIFIER=Intel64 Family 6 Model 142 Stepping 11, GenuineIntel



---------------  S Y S T E M  ---------------

OS: Windows 10.0 , 64 bit Build 18362 (10.0.18362.329)

CPU:total 8 (initial active 8) (4 cores per cpu, 2 threads per core) family 6 model 142 stepping 11, cmov, cx8, fxsr, mmx, sse, sse2, sse3, ssse3, sse4.1, sse4.2, popcnt, avx, avx2, aes, clmul, erms, 3dnowpref, lzcnt, ht, tsc, tscinvbit, bmi1, bmi2, adx

Memory: 4k page, physical 8198376k(2781272k free), swap 9427176k(6028k free)

vm_info: Java HotSpot(TM) 64-Bit Server VM (25.241-b07) for windows-amd64 JRE (1.8.0_241-b07), built on Dec 11 2019 10:21:40 by "rejava" with MS VC++ 10.0 (VS2010)

time: Sun Feb 09 02:00:50 2020
timezone: SE Asia Standard Time
elapsed time: 0 seconds (0d 0h 0m 0s)

